#
# A fatal error has been detected by the Java Runtime Environment:
#
#  Internal Error (os_windows_x86.cpp:114), pid=5672, tid=1476
#  Error: guarantee(result == -1,"Unexpected result from topLevelExceptionFilter")
#
# JRE version: 6.0_17-b04
# Java VM: Java HotSpot(TM) 64-Bit Server VM (14.3-b01 mixed mode windows-amd64 )
# If you would like to submit a bug report, please visit:
#   http://java.sun.com/webapps/bugreport/crash.jsp
# The crash happened outside the Java Virtual Machine in native code.
# See problematic frame for where to report the bug.
#

---------------  T H R E A D  ---------------

Current thread (0x0000000005232000):  JavaThread "main" [_thread_in_native, id=1476, stack(0x0000000000050000,0x0000000004050000)]

Stack: [0x0000000000050000,0x0000000004050000]
[error occurred during error reporting (printing stack bounds), id 0xc0000005]

Java frames: (J=compiled Java code, j=interpreted, Vv=VM code)
j  com.mathworks.jmi.NativeMatlab.ProcessPendingEvents()Z+0
j  com.mathworks.jmi.NativeMatlab.processPendingEvents()Z+8
j  com.mathworks.jmi.Matlab$ProcessPendingEvents.callBooleanMethod(Ljava/lang/Object;)Z+0
j  com.mathworks.util.FactoryUtils.processPendingEvents()Z+12
j  com.mathworks.widgets.desk.Desktop.canClose()Z+38
j  com.mathworks.mde.desk.MLDesktop.canClose()Z+113
j  com.mathworks.mde.desk.MLDesktop$2.call()Ljava/lang/Boolean;+4
j  com.mathworks.mde.desk.MLDesktop$2.call()Ljava/lang/Object;+1
j  com.mathworks.jmi.Matlab.isOkToExit()Z+54
v  ~StubRoutines::call_stub
j  com.mathworks.jmi.NativeMatlab.SendMatlabMessage(Ljava/lang/Object;)Ljava/lang/Object;+0
j  com.mathworks.jmi.NativeMatlab.sendMatlabMessage(Ljava/lang/Object;)Ljava/lang/Object;+22
j  com.mathworks.jmi.MatlabLooper.sendMatlabMessage(Lcom/mathworks/services/message/MWMessage;)Ljava/lang/Object;+20
j  com.mathworks.jmi.Matlab.mtFevalConsoleOutput(Ljava/lang/String;[Ljava/lang/Object;I)Ljava/lang/Object;+58
j  com.mathworks.mde.desk.MLDesktop$9.run()V+14
j  com.mathworks.jmi.NativeMatlab.dispatchMTRequests(Z)V+57
v  ~StubRoutines::call_stub

---------------  P R O C E S S  ---------------

Java Threads: ( => current thread )
  0x000000000e582800 JavaThread "Inactive RequestProcessor thread [Was:TimedSoftReference/org.openide.util.TimedSoftReference]" daemon [_thread_blocked, id=8980, stack(0x0000000067de0000,0x0000000067e60000)]
  0x000000000e581000 JavaThread "FileDecorationCache request queue" [_thread_blocked, id=7684, stack(0x0000000028880000,0x0000000028900000)]
  0x000000000f56f000 JavaThread "pool-8-thread-1" [_thread_blocked, id=2020, stack(0x00000000286b0000,0x0000000028730000)]
  0x000000000f563800 JavaThread "Prefs Updater" daemon [_thread_blocked, id=3568, stack(0x0000000025760000,0x00000000257e0000)]
  0x000000000f56b000 JavaThread "Foxtrot Single Worker Thread #1" daemon [_thread_blocked, id=5776, stack(0x0000000025840000,0x00000000258c0000)]
  0x000000000f569800 JavaThread "Active Reference Queue Daemon" daemon [_thread_blocked, id=5284, stack(0x0000000010e70000,0x0000000010ef0000)]
  0x000000000f568800 JavaThread "Timer-83" daemon [_thread_blocked, id=5312, stack(0x0000000026b80000,0x0000000026c00000)]
  0x000000000f568000 JavaThread "Timer-8" daemon [_thread_blocked, id=5892, stack(0x0000000044b20000,0x0000000044ba0000)]
  0x000000000f566000 JavaThread "Explorer NavigationContext request queue" [_thread_blocked, id=3544, stack(0x0000000025490000,0x0000000025510000)]
  0x000000000f564800 JavaThread "AddressBar directory emptiness poller" [_thread_blocked, id=5508, stack(0x0000000021350000,0x00000000213d0000)]
  0x000000000f563000 JavaThread "Timer-1" [_thread_blocked, id=3432, stack(0x0000000015010000,0x0000000015090000)]
  0x000000000f562000 JavaThread "TimerQueue" daemon [_thread_blocked, id=2108, stack(0x000000000e920000,0x000000000e9a0000)]
  0x000000000f561800 JavaThread "AWT-EventQueue-0" [_thread_blocked, id=5552, stack(0x000000000e5d0000,0x000000000e650000)]
  0x000000000f560800 JavaThread "AWT-Shutdown" [_thread_blocked, id=3348, stack(0x000000000ec30000,0x000000000ecb0000)]
  0x000000000f560000 JavaThread "FelixPackageAdmin" daemon [_thread_blocked, id=5800, stack(0x000000000e8a0000,0x000000000e920000)]
  0x000000000f412000 JavaThread "FelixStartLevel" daemon [_thread_blocked, id=5220, stack(0x000000000d680000,0x000000000d700000)]
  0x000000000f40b000 JavaThread "FelixDispatchQueue" daemon [_thread_blocked, id=5620, stack(0x000000000eb40000,0x000000000ebc0000)]
  0x000000000f4e4000 JavaThread "com.google.common.base.internal.Finalizer" daemon [_thread_blocked, id=1112, stack(0x000000000e6c0000,0x000000000e740000)]
  0x000000000f557800 JavaThread "AWT-Windows" daemon [_thread_in_native, id=5340, stack(0x0000000007f70000,0x0000000007ff0000)]
  0x000000000f556000 JavaThread "Java2D Disposer" daemon [_thread_blocked, id=3896, stack(0x0000000008010000,0x0000000008090000)]
  0x000000000d556800 JavaThread "Timer-0" [_thread_blocked, id=1612, stack(0x0000000007db0000,0x0000000007e30000)]
  0x000000000e55f800 JavaThread "EventMgr Dispatcher" daemon [_thread_in_native, id=2392, stack(0x0000000010f30000,0x0000000014f30000)]
  0x000000000d4b0800 JavaThread "Low Memory Detector" daemon [_thread_blocked, id=1232, stack(0x000000000d8a0000,0x000000000d920000)]
  0x000000000d4a8800 JavaThread "CompilerThread1" daemon [_thread_blocked, id=2696, stack(0x0000000058f80000,0x000000005cf80000)]
  0x000000000d45a000 JavaThread "CompilerThread0" daemon [_thread_blocked, id=3252, stack(0x0000000054eb0000,0x0000000058eb0000)]
  0x000000000d459000 JavaThread "Attach Listener" daemon [_thread_blocked, id=2348, stack(0x000000000d940000,0x000000000d9c0000)]
  0x00000000052e9800 JavaThread "Finalizer" daemon [_thread_blocked, id=4292, stack(0x000000000d5f0000,0x000000000d670000)]
  0x00000000052e8800 JavaThread "Reference Handler" daemon [_thread_blocked, id=6140, stack(0x000000000d730000,0x000000000d7b0000)]
=>0x0000000005232000 JavaThread "main" [_thread_in_native, id=1476, stack(0x0000000000050000,0x0000000004050000)]

Other Threads:
  0x000000000d443000 VMThread [stack: 0x0000000050e10000,0x0000000054e10000] [id=4256]
  0x000000000d4c3800 WatcherThread [stack: 0x0000000060e00000,0x0000000064e00000] [id=1344]

VM state:not at safepoint (normal execution)

VM Mutex/Monitor currently owned by a thread: None

Heap
 PSYoungGen      total 11456K, used 3689K [0x000000003d820000, 0x000000003eb20000, 0x0000000040920000)
  eden space 8192K, 5% used [0x000000003d820000,0x000000003d88d098,0x000000003e020000)
  from space 3264K, 99% used [0x000000003e040000,0x000000003e36d520,0x000000003e370000)
  to   space 5632K, 0% used [0x000000003e5a0000,0x000000003e5a0000,0x000000003eb20000)
 PSOldGen        total 75008K, used 64304K [0x0000000034520000, 0x0000000038e60000, 0x000000003d820000)
  object space 75008K, 85% used [0x0000000034520000,0x00000000383ec2f8,0x0000000038e60000)
 PSPermGen       total 82560K, used 65954K [0x000000002c520000, 0x00000000315c0000, 0x0000000034520000)
  object space 82560K, 79% used [0x000000002c520000,0x00000000305888e0,0x00000000315c0000)

Dynamic libraries:
0x000000013fc20000 - 0x000000013fc52000 	D:\Matlab2012a\bin\win64\MATLAB.exe
0x0000000077250000 - 0x00000000773fa000 	C:\Windows\SYSTEM32\ntdll.dll
0x0000000077030000 - 0x000000007714f000 	C:\Windows\system32\kernel32.dll
0x000007fefd260000 - 0x000007fefd2cb000 	C:\Windows\system32\KERNELBASE.dll
0x0000000074460000 - 0x0000000074554000 	D:\Matlab2012a\bin\win64\libut.dll
0x00000000758a0000 - 0x0000000075952000 	D:\Matlab2012a\bin\win64\libmwi18n.dll
0x0000000180000000 - 0x000000018000b000 	D:\Matlab2012a\bin\win64\libmwresource_core.dll
0x00000000680f0000 - 0x00000000681c3000 	C:\Windows\WinSxS\amd64_microsoft.vc90.crt_1fc8b3b9a1e18e3b_9.0.30729.6161_none_08e61857a83bc251\MSVCP90.dll
0x0000000072b50000 - 0x0000000072bf3000 	C:\Windows\WinSxS\amd64_microsoft.vc90.crt_1fc8b3b9a1e18e3b_9.0.30729.6161_none_08e61857a83bc251\MSVCR90.dll
0x000000007a170000 - 0x000000007a19c000 	D:\Matlab2012a\bin\win64\boost_filesystem-vc90-mt-1_44.dll
0x000000007a560000 - 0x000000007a569000 	D:\Matlab2012a\bin\win64\boost_system-vc90-mt-1_44.dll
0x000007fefe870000 - 0x000007fefe94b000 	C:\Windows\system32\ADVAPI32.dll
0x000007feff3a0000 - 0x000007feff43f000 	C:\Windows\system32\msvcrt.dll
0x000007fefe850000 - 0x000007fefe86f000 	C:\Windows\SYSTEM32\sechost.dll
0x000007fefeda0000 - 0x000007fefeecd000 	C:\Windows\system32\RPCRT4.dll
0x000000007a010000 - 0x000000007a035000 	D:\Matlab2012a\bin\win64\LIBEXPAT.dll
0x0000000060b30000 - 0x0000000060d21000 	D:\Matlab2012a\bin\win64\icuin44.dll
0x00000000609b0000 - 0x0000000060b21000 	D:\Matlab2012a\bin\win64\icuuc44.dll
0x0000000010000000 - 0x0000000010e41000 	D:\Matlab2012a\bin\win64\icudt44.dll
0x0000000073f70000 - 0x00000000740ad000 	D:\Matlab2012a\bin\win64\libmwfl.dll
0x0000000004350000 - 0x0000000004646000 	D:\Matlab2012a\bin\win64\libmwMATLAB_res.dll
0x000000007a3b0000 - 0x000000007a3c0000 	D:\Matlab2012a\bin\win64\boost_date_time-vc90-mt-1_44.dll
0x000000007a250000 - 0x000000007a263000 	D:\Matlab2012a\bin\win64\boost_signals-vc90-mt-1_44.dll
0x000000007a2d0000 - 0x000000007a2e2000 	D:\Matlab2012a\bin\win64\boost_thread-vc90-mt-1_44.dll
0x0000000004190000 - 0x00000000041d6000 	D:\Matlab2012a\bin\win64\tbb.dll
0x000007fefe830000 - 0x000007fefe849000 	C:\Windows\system32\imagehlp.dll
0x0000000077420000 - 0x0000000077427000 	C:\Windows\system32\PSAPI.DLL
0x00000000680d0000 - 0x00000000680e3000 	D:\Matlab2012a\bin\win64\icuio44.dll
0x000007fefabb0000 - 0x000007fefacd5000 	C:\Windows\system32\dbghelp.dll
0x0000000077150000 - 0x000000007724a000 	C:\Windows\system32\USER32.dll
0x000007feff450000 - 0x000007feff4b7000 	C:\Windows\system32\GDI32.dll
0x000007feff440000 - 0x000007feff44e000 	C:\Windows\system32\LPK.dll
0x000007feff0e0000 - 0x000007feff1aa000 	C:\Windows\system32\USP10.dll
0x000000007bed0000 - 0x000000007c183000 	D:\Matlab2012a\bin\win64\libmwservices.dll
0x0000000075a20000 - 0x0000000075ae2000 	D:\Matlab2012a\bin\win64\libmx.dll
0x000000007a210000 - 0x000000007a228000 	D:\Matlab2012a\bin\win64\zlib1.dll
0x0000000004650000 - 0x0000000004671000 	D:\Matlab2012a\bin\win64\libmwmfl_scalar.dll
0x0000000075f10000 - 0x0000000075f5d000 	D:\Matlab2012a\bin\win64\mpath.dll
0x000000007b680000 - 0x000000007bbe1000 	D:\Matlab2012a\bin\win64\mlutil.dll
0x0000000068050000 - 0x00000000680cf000 	D:\Matlab2012a\bin\win64\xmlcore.dll
0x000000007bc30000 - 0x000000007be83000 	D:\Matlab2012a\bin\win64\xerces-c_2_7.dll
0x000007fefd8d0000 - 0x000007fefd91d000 	C:\Windows\system32\WS2_32.dll
0x000007feff1b0000 - 0x000007feff1b8000 	C:\Windows\system32\NSI.dll
0x00000000046b0000 - 0x00000000046ca000 	D:\Matlab2012a\bin\win64\libmwMATLAB_settings_res.dll
0x00000000046e0000 - 0x0000000004727000 	D:\Matlab2012a\bin\win64\boost_serialization-vc90-mt-1_44.dll
0x000007fefda00000 - 0x000007fefe789000 	C:\Windows\system32\SHELL32.dll
0x000007feff2f0000 - 0x000007feff361000 	C:\Windows\system32\SHLWAPI.dll
0x000007fef8a30000 - 0x000007fef8ad0000 	C:\Windows\WinSxS\amd64_microsoft.windows.common-controls_6595b64144ccf1df_5.82.7601.17514_none_a4d6a923711520a9\COMCTL32.dll
0x000007feff4c0000 - 0x000007feff557000 	C:\Windows\system32\COMDLG32.dll
0x000007fefadd0000 - 0x000007fefade6000 	C:\Windows\system32\NETAPI32.dll
0x000007fefadc0000 - 0x000007fefadcc000 	C:\Windows\system32\netutils.dll
0x000007fefcd00000 - 0x000007fefcd23000 	C:\Windows\system32\srvcli.dll
0x000007fefada0000 - 0x000007fefadb5000 	C:\Windows\system32\wkscli.dll
0x000007fefeed0000 - 0x000007feff0d3000 	C:\Windows\system32\ole32.dll
0x000007fefd920000 - 0x000007fefd9f8000 	C:\Windows\system32\OLEAUT32.dll
0x0000000074970000 - 0x0000000074b06000 	D:\Matlab2012a\bin\win64\mcr.dll
0x0000000075000000 - 0x000000007536b000 	D:\Matlab2012a\bin\win64\iqm.dll
0x0000000060180000 - 0x00000000609a1000 	D:\Matlab2012a\bin\win64\m_interpreter.dll
0x0000000067eb0000 - 0x0000000067ed5000 	D:\Matlab2012a\bin\win64\libmex.dll
0x00000000600c0000 - 0x0000000060173000 	D:\Matlab2012a\bin\win64\m_dispatcher.dll
0x0000000074880000 - 0x000000007496d000 	D:\Matlab2012a\bin\win64\boost_regex-vc90-mt-1_44.dll
0x0000000067190000 - 0x0000000067214000 	D:\Matlab2012a\bin\win64\profiler.dll
0x00000000047b0000 - 0x0000000004a05000 	D:\Matlab2012a\bin\win64\libmwmathutil.dll
0x0000000079f40000 - 0x0000000079f6d000 	D:\Matlab2012a\bin\win64\libmwmathrng.dll
0x0000000074c10000 - 0x0000000074ced000 	D:\Matlab2012a\bin\win64\libmwmathcore.dll
0x0000000076160000 - 0x00000000761cb000 	D:\Matlab2012a\bin\win64\libmwspmatrix.dll
0x0000000075ea0000 - 0x0000000075f02000 	D:\Matlab2012a\bin\win64\libmwcholmod.dll
0x000000007a460000 - 0x000000007a46d000 	D:\Matlab2012a\bin\win64\libmwamd.dll
0x000000007a4b0000 - 0x000000007a4bc000 	D:\Matlab2012a\bin\win64\libmwcolamd.dll
0x0000000068030000 - 0x0000000068049000 	D:\Matlab2012a\bin\win64\libmwblas.dll
0x0000000066b00000 - 0x0000000066b12000 	D:\Matlab2012a\bin\win64\libmwbinder.dll
0x000000006d940000 - 0x000000006d94b000 	D:\Matlab2012a\bin\win64\libmwompwrapper.dll
0x0000000060030000 - 0x00000000600b6000 	D:\Matlab2012a\bin\win64\libmwlapack.dll
0x0000000066ad0000 - 0x0000000066af1000 	D:\Matlab2012a\bin\win64\m_pcodeio.dll
0x0000000079b10000 - 0x0000000079b77000 	D:\Matlab2012a\bin\win64\m_ir.dll
0x000000005f9e0000 - 0x0000000060030000 	D:\Matlab2012a\bin\win64\m_parser.dll
0x000000005f9c0000 - 0x000000005f9da000 	D:\Matlab2012a\bin\win64\ir_xfmr.dll
0x000000005f740000 - 0x000000005f9b9000 	D:\Matlab2012a\bin\win64\mcos.dll
0x000000006d620000 - 0x000000006d62c000 	D:\Matlab2012a\bin\win64\mtok.dll
0x000000005f700000 - 0x000000005f731000 	D:\Matlab2012a\bin\win64\m_pcodegen.dll
0x0000000079fb0000 - 0x0000000079fe7000 	D:\Matlab2012a\bin\win64\libmwbridge.dll
0x000000005f630000 - 0x000000005f6f8000 	D:\Matlab2012a\bin\win64\udd.dll
0x000000005f4d0000 - 0x000000005f622000 	D:\Matlab2012a\bin\win64\libmwgui.dll
0x000000005f4b0000 - 0x000000005f4c7000 	D:\Matlab2012a\bin\win64\graphics_util.dll
0x000000005eb00000 - 0x000000005f4a3000 	D:\Matlab2012a\bin\win64\hg.dll
0x0000000004b80000 - 0x0000000004be7000 	D:\Matlab2012a\bin\win64\libmat.dll
0x0000000072d30000 - 0x0000000072f44000 	D:\Matlab2012a\bin\win64\hdf5dll.dll
0x0000000075710000 - 0x00000000757c1000 	D:\Matlab2012a\bin\win64\jmi.dll
0x0000000004c20000 - 0x0000000004c2e000 	D:\Matlab2012a\bin\win64\nativejava_services.dll
0x000000005eab0000 - 0x000000005eaf2000 	D:\Matlab2012a\bin\win64\libmwhardcopy.dll
0x000000005ea50000 - 0x000000005eaaa000 	D:\Matlab2012a\bin\win64\libuij.dll
0x000000005e840000 - 0x000000005ea4c000 	D:\Matlab2012a\bin\win64\hgdatatypes.dll
0x000000005e740000 - 0x000000005e83d000 	D:\Matlab2012a\bin\win64\hgutils.dll
0x000000005e680000 - 0x000000005e73d000 	D:\Matlab2012a\bin\win64\udd_mi.dll
0x0000000004c90000 - 0x0000000004ccb000 	D:\Matlab2012a\bin\win64\libmwgbtutils.dll
0x0000000004ce0000 - 0x0000000004cf9000 	D:\Matlab2012a\bin\win64\libmwgbt.dll
0x0000000004d10000 - 0x0000000004fda000 	D:\Matlab2012a\bin\win64\uiw.dll
0x000000006d0a0000 - 0x000000006d0af000 	D:\Matlab2012a\bin\win64\uinone.dll
0x000007fef6ab0000 - 0x000007fef6ac8000 	C:\Windows\system32\MPR.dll
0x000000005e190000 - 0x000000005e674000 	C:\Windows\WinSxS\amd64_microsoft.vc90.mfc_1fc8b3b9a1e18e3b_9.0.30729.4148_none_04480933ab2137b1\mfc90.dll
0x000007fefa3e0000 - 0x000007fefa3e7000 	C:\Windows\system32\MSIMG32.dll
0x000007fef89b0000 - 0x000007fef8a21000 	C:\Windows\system32\WINSPOOL.DRV
0x000000005e170000 - 0x000000005e190000 	D:\Matlab2012a\bin\win64\mwoles05.DLL
0x000000005e0f0000 - 0x000000005e16c000 	D:\Matlab2012a\bin\win64\comcli.dll
0x000000005e0c0000 - 0x000000005e0ef000 	C:\Windows\WinSxS\amd64_microsoft.vc90.atl_1fc8b3b9a1e18e3b_9.0.30729.4148_none_0a1d2fcba76b3f00\ATL90.DLL
0x000000006cfb0000 - 0x000000006cfbc000 	D:\Matlab2012a\bin\win64\mlautoregister.dll
0x0000000005030000 - 0x0000000005040000 	D:\Matlab2012a\bin\win64\boost_iostreams-vc90-mt-1_44.dll
0x000007feff370000 - 0x000007feff39e000 	C:\Windows\system32\IMM32.DLL
0x000007fefd7c0000 - 0x000007fefd8c9000 	C:\Windows\system32\MSCTF.dll
0x000007fefd110000 - 0x000007fefd142000 	C:\Windows\system32\nvinitx.dll
0x000000000f000000 - 0x000000000f006000 	C:\Program Files\NVIDIA Corporation\CoProcManager\_etoured.dll
0x000007fef62e0000 - 0x000007fef6341000 	C:\Program Files\NVIDIA Corporation\CoProcManager\nvd3d9wrapx.dll
0x000007fefeae0000 - 0x000007fefecb7000 	C:\Windows\system32\SETUPAPI.dll
0x000007fefd220000 - 0x000007fefd256000 	C:\Windows\system32\CFGMGR32.dll
0x000007fefd200000 - 0x000007fefd21a000 	C:\Windows\system32\DEVOBJ.dll
0x000007fef61a0000 - 0x000007fef61ee000 	C:\Program Files\NVIDIA Corporation\CoProcManager\nvdxgiwrapx.dll
0x000007fefb880000 - 0x000007fefb8d6000 	C:\Windows\system32\UxTheme.dll
0x000007fefb4a0000 - 0x000007fefb4b8000 	C:\Windows\system32\dwmapi.dll
0x000000006adb0000 - 0x000000006adb9000 	C:\Windows\WinSxS\amd64_microsoft.vc90.mfcloc_1fc8b3b9a1e18e3b_9.0.30729.4148_none_01c6b44660ce74c3\MFC90CHS.DLL
0x00000000051b0000 - 0x00000000051d9000 	D:\Matlab2012a\bin\win64\tbbmalloc.dll
0x0000000078870000 - 0x0000000078ecd000 	D:\Matlab2012a\sys\java\jre\win64\jre\bin\server\jvm.dll
0x000007fefb300000 - 0x000007fefb33b000 	C:\Windows\system32\WINMM.dll
0x000007fefd150000 - 0x000007fefd15f000 	C:\Windows\system32\profapi.dll
0x000007fefaac0000 - 0x000007fefaae7000 	C:\Windows\system32\iphlpapi.dll
0x000007fefaab0000 - 0x000007fefaabb000 	C:\Windows\system32\WINNSI.DLL
0x000007fefc7c0000 - 0x000007fefc81b000 	C:\Windows\system32\DNSAPI.dll
0x000007fef9920000 - 0x000007fef9931000 	C:\Windows\system32\dhcpcsvc6.DLL
0x000007fef9900000 - 0x000007fef9918000 	C:\Windows\system32\dhcpcsvc.DLL

VM Arguments:
jvm_args: -Xss512k -XX:PermSize=32m -Xms64m -XX:NewRatio=3 -XX:MaxPermSize=128m -Xmx196m -XX:MaxDirectMemorySize=2147400000 -Dsun.java2d.noddraw=true -Dsun.awt.nopixfmt=true -Xshare:off -Xrs -Dsun.awt.disableMixing=true -Djava.library.path=D:\Matlab2012a\bin\win64 vfprintf abort -Duser.language=en -Duser.country=US 
java_command: <unknown>
Launcher Type: generic

Environment Variables:
PATH=D:\OpenCV\build\x86\vc10\bin;D:\OpenCV\build\x64\vc10\bin;C:\Program Files (x86)\NVIDIA Corporation\PhysX\Common;C:\Program Files (x86)\Intel\iCLS Client\;C:\Program Files\Intel\iCLS Client\;C:\Program Files\Broadcom\Broadcom 802.11 Network Adapter\Driver;C:\Windows\system32;C:\Windows;C:\Windows\System32\Wbem;C:\Windows\System32\WindowsPowerShell\v1.0\;C:\Program Files (x86)\Microsoft SQL Server\100\Tools\Binn\;C:\Program Files\Microsoft SQL Server\100\Tools\Binn\;C:\Program Files\Microsoft SQL Server\100\DTS\Binn\;C:\Program Files\Intel\Intel(R) Management Engine Components\DAL;C:\Program Files\Intel\Intel(R) Management Engine Components\IPT;C:\Program Files (x86)\Intel\Intel(R) Management Engine Components\DAL;C:\Program Files (x86)\Intel\Intel(R) Management Engine Components\IPT;C:\Program Files (x86)\Intel\OpenCL SDK\2.0\bin\x86;C:\Program Files (x86)\Intel\OpenCL SDK\2.0\bin\x64;C:\Program Files (x86)\Lenovo\Access Connections\;C:\Program Files\Common Files\Lenovo;D:\Matlab2012a\runtime\win64;D:\Matlab2012a\bin;D:\Matlab2012a\toolbox\compiler\deploy\win64;D:\Matlab2012a\v76\runtime\win32;C:\Program Files\TortoiseSVN\bin;C:\Program Files\Microsoft\Web Platform Installer\;C:\Program Files (x86)\Microsoft ASP.NET\ASP.NET Web Pages\v1.0\;C:\Program Files (x86)\Windows Kits\8.0\Windows Performance Toolkit\;C:\Program Files\Microsoft SQL Server\110\Tools\Binn\;D:\OpenCV\build\x64\vc10\bin
USERNAME=Serissa
OS=Windows_NT
PROCESSOR_IDENTIFIER=Intel64 Family 6 Model 58 Stepping 9, GenuineIntel



---------------  S Y S T E M  ---------------

OS: Windows 7 Build 7601 Service Pack 1

CPU:total 4 (8 cores per cpu, 2 threads per core) family 6 model 58 stepping 9, cmov, cx8, fxsr, mmx, sse, sse2, sse3, ssse3, sse4.1, sse4.2, ht

Memory: 4k page, physical 3728716k(924832k free), swap 7455596k(3801880k free)

vm_info: Java HotSpot(TM) 64-Bit Server VM (14.3-b01) for windows-amd64 JRE (1.6.0_17-b04), built on Oct 11 2009 00:46:08 by "java_re" with MS VC++ 8.0

time: Sat Apr 16 11:38:13 2016
elapsed time: 5679 seconds

